0 info it worked if it ends with ok
1 verbose cli [ 'C:\\Program Files\\nodejs\\node.exe',
1 verbose cli   'C:\\Program Files\\nodejs\\node_modules\\npm\\bin\\npm-cli.js',
1 verbose cli   'run',
1 verbose cli   'watch' ]
2 info using npm@3.10.8
3 info using node@v6.9.1
4 verbose run-script [ 'prewatch', 'watch', 'postwatch' ]
5 info lifecycle zerda-reader-frontend@1.0.0~prewatch: zerda-reader-frontend@1.0.0
6 silly lifecycle zerda-reader-frontend@1.0.0~prewatch: no script for prewatch, continuing
7 info lifecycle zerda-reader-frontend@1.0.0~watch: zerda-reader-frontend@1.0.0
8 verbose lifecycle zerda-reader-frontend@1.0.0~watch: unsafe-perm in lifecycle true
9 verbose lifecycle zerda-reader-frontend@1.0.0~watch: PATH: C:\Program Files\nodejs\node_modules\npm\bin\node-gyp-bin;D:\Boglárka\GreenFox\zerda-reader-frontend\node_modules\.bin;C:\Users\Boglárka\bin;C:\Program Files\Git\mingw64\bin;C:\Program Files\Git\usr\local\bin;C:\Program Files\Git\usr\bin;C:\Program Files\Git\usr\bin;C:\Program Files\Git\mingw64\bin;C:\Program Files\Git\usr\bin;C:\Users\Boglárka\bin;C:\ProgramData\Oracle\Java\javapath;C:\Program Files (x86)\Common Files\Intel\Shared Files\cpp\bin\Intel64;C:\Program Files (x86)\NVIDIA Corporation\PhysX\Common;C:\WINDOWS\system32;C:\WINDOWS;C:\WINDOWS\System32\Wbem;C:\WINDOWS\System32\WindowsPowerShell\v1.0;C:\Program Files\Intel\WiFi\bin;C:\Program Files\Common Files\Intel\WirelessCommon;C:\Program Files (x86)\Skype\Phone;C:\Program Files\Git\cmd;C:\Program Files\nodejs;C:\Program Files\MySQL\MySQL Utilities 1.6;C:\ProgramData\chocolatey\bin;C:\Users\Boglárka\.atom\packages\linter-eslint\node_modules\.bin;C:\Program Files\MySQL\MySQL Server 5.7\bin;C:\Program Files\nodejs\node_modules\npm\bin;C:\Users\Boglárka\AppData\Local\Programs\Python\Python35-32\Scripts;C:\Users\Boglárka\AppData\Roaming\npm\node_modules\karma-cli\bin;C:\Users\Boglárka\AppData\Local\Programs;C:\Users\Boglárka\AppData\Local\atom\bin;C:\Program Files\Heroku\bin;C:\tools\apache-maven-3.3.9\bin;C:\Program Files\Docker Toolbox;C:\Program Files\Git\usr\bin\vendor_perl;C:\Program Files\Git\usr\bin\core_perl
10 verbose lifecycle zerda-reader-frontend@1.0.0~watch: CWD: D:\Boglárka\GreenFox\zerda-reader-frontend
11 silly lifecycle zerda-reader-frontend@1.0.0~watch: Args: [ '/d /s /c', 'webpack --watch' ]
12 silly lifecycle zerda-reader-frontend@1.0.0~watch: Returned: code: 3221225786  signal: null
13 info lifecycle zerda-reader-frontend@1.0.0~watch: Failed to exec watch script
14 verbose stack Error: zerda-reader-frontend@1.0.0 watch: `webpack --watch`
14 verbose stack Exit status 3221225786
14 verbose stack     at EventEmitter.<anonymous> (C:\Program Files\nodejs\node_modules\npm\lib\utils\lifecycle.js:255:16)
14 verbose stack     at emitTwo (events.js:106:13)
14 verbose stack     at EventEmitter.emit (events.js:191:7)
14 verbose stack     at ChildProcess.<anonymous> (C:\Program Files\nodejs\node_modules\npm\lib\utils\spawn.js:40:14)
14 verbose stack     at emitTwo (events.js:106:13)
14 verbose stack     at ChildProcess.emit (events.js:191:7)
14 verbose stack     at maybeClose (internal/child_process.js:877:16)
14 verbose stack     at Process.ChildProcess._handle.onexit (internal/child_process.js:226:5)
15 verbose pkgid zerda-reader-frontend@1.0.0
16 verbose cwd D:\Boglárka\GreenFox\zerda-reader-frontend
17 error Windows_NT 10.0.14393
18 error argv "C:\\Program Files\\nodejs\\node.exe" "C:\\Program Files\\nodejs\\node_modules\\npm\\bin\\npm-cli.js" "run" "watch"
19 error node v6.9.1
20 error npm  v3.10.8
21 error code ELIFECYCLE
22 error zerda-reader-frontend@1.0.0 watch: `webpack --watch`
22 error Exit status 3221225786
23 error Failed at the zerda-reader-frontend@1.0.0 watch script 'webpack --watch'.
23 error Make sure you have the latest version of node.js and npm installed.
23 error If you do, this is most likely a problem with the zerda-reader-frontend package,
23 error not with npm itself.
23 error Tell the author that this fails on your system:
23 error     webpack --watch
23 error You can get information on how to open an issue for this project with:
23 error     npm bugs zerda-reader-frontend
23 error Or if that isn't available, you can get their info via:
23 error     npm owner ls zerda-reader-frontend
23 error There is likely additional logging output above.
24 verbose exit [ 1, true ]
